<?xml version="1.0" encoding="UTF-8"?>
<testng-results ignored="0" total="2" passed="2" failed="0" skipped="0">
  <reporter-output>
  </reporter-output>
  <suite started-at="2026-04-28T02:45:32 IST" name="Suite" finished-at="2026-04-28T02:45:54 IST" duration-ms="22298">
    <groups>
    </groups>
    <test started-at="2026-04-28T02:45:32 IST" name="Test" finished-at="2026-04-28T02:45:54 IST" duration-ms="22298">
      <class name="testCases.Tc001_userRegistration">
        <test-method is-config="true" signature="setup(java.lang.String,java.lang.String)[pri:0, instance:testCases.Tc001_userRegistration@470f1802]" started-at="2026-04-28T02:45:32 IST" name="setup" finished-at="2026-04-28T02:45:41 IST" duration-ms="9393" status="PASS">
          <params>
            <param index="0">
              <value>
                <![CDATA[windows]]>
              </value>
            </param>
            <param index="1">
              <value>
                <![CDATA[Chrome]]>
              </value>
            </param>
          </params>
          <reporter-output>
          </reporter-output>
        </test-method> <!-- setup -->
        <test-method signature="userRegistrtion()[pri:0, instance:testCases.Tc001_userRegistration@470f1802]" started-at="2026-04-28T02:45:41 IST" name="userRegistrtion" finished-at="2026-04-28T02:45:45 IST" duration-ms="4181" status="PASS">
          <reporter-output>
          </reporter-output>
        </test-method> <!-- userRegistrtion -->
        <test-method is-config="true" signature="tearDown()[pri:0, instance:testCases.Tc001_userRegistration@470f1802]" started-at="2026-04-28T02:45:45 IST" name="tearDown" finished-at="2026-04-28T02:45:46 IST" duration-ms="539" status="PASS">
          <reporter-output>
          </reporter-output>
        </test-method> <!-- tearDown -->
      </class> <!-- testCases.Tc001_userRegistration -->
      <class name="testCases.TC002_userLogin">
        <test-method is-config="true" signature="setup(java.lang.String,java.lang.String)[pri:0, instance:testCases.TC002_userLogin@72a7c7e0]" started-at="2026-04-28T02:45:46 IST" name="setup" finished-at="2026-04-28T02:45:51 IST" duration-ms="4899" status="PASS">
          <params>
            <param index="0">
              <value>
                <![CDATA[windows]]>
              </value>
            </param>
            <param index="1">
              <value>
                <![CDATA[Chrome]]>
              </value>
            </param>
          </params>
          <reporter-output>
          </reporter-output>
        </test-method> <!-- setup -->
        <test-method signature="login()[pri:0, instance:testCases.TC002_userLogin@72a7c7e0]" started-at="2026-04-28T02:45:51 IST" name="login" finished-at="2026-04-28T02:45:54 IST" duration-ms="2796" status="PASS">
          <reporter-output>
          </reporter-output>
        </test-method> <!-- login -->
        <test-method is-config="true" signature="tearDown()[pri:0, instance:testCases.TC002_userLogin@72a7c7e0]" started-at="2026-04-28T02:45:54 IST" name="tearDown" finished-at="2026-04-28T02:45:54 IST" duration-ms="428" status="PASS">
          <reporter-output>
          </reporter-output>
        </test-method> <!-- tearDown -->
      </class> <!-- testCases.TC002_userLogin -->
    </test> <!-- Test -->
  </suite> <!-- Suite -->
</testng-results>
