<?xml version="1.0" encoding="UTF-8"?>
<testng-results ignored="0" total="2" passed="2" failed="0" skipped="0">
  <reporter-output>
  </reporter-output>
  <suite started-at="2026-04-28T02:30:23 IST" name="Suite" finished-at="2026-04-28T02:30:57 IST" duration-ms="34179">
    <groups>
    </groups>
    <test started-at="2026-04-28T02:30:23 IST" name="Test" finished-at="2026-04-28T02:30:57 IST" duration-ms="34179">
      <class name="testCases.Tc001_userRegistration">
        <test-method is-config="true" signature="setup(java.lang.String,java.lang.String)[pri:0, instance:testCases.Tc001_userRegistration@49ec71f8]" started-at="2026-04-28T02:30:23 IST" name="setup" finished-at="2026-04-28T02:30:44 IST" duration-ms="21270" status="PASS">
          <params>
            <param index="0">
              <value>
                <![CDATA[windows]]>
              </value>
            </param>
            <param index="1">
              <value>
                <![CDATA[Chrome]]>
              </value>
            </param>
          </params>
          <reporter-output>
          </reporter-output>
        </test-method> <!-- setup -->
        <test-method signature="userRegistrtion()[pri:0, instance:testCases.Tc001_userRegistration@49ec71f8]" started-at="2026-04-28T02:30:44 IST" name="userRegistrtion" finished-at="2026-04-28T02:30:48 IST" duration-ms="3914" status="PASS">
          <reporter-output>
          </reporter-output>
        </test-method> <!-- userRegistrtion -->
        <test-method is-config="true" signature="tearDown()[pri:0, instance:testCases.Tc001_userRegistration@49ec71f8]" started-at="2026-04-28T02:30:48 IST" name="tearDown" finished-at="2026-04-28T02:30:49 IST" duration-ms="567" status="PASS">
          <reporter-output>
          </reporter-output>
        </test-method> <!-- tearDown -->
      </class> <!-- testCases.Tc001_userRegistration -->
      <class name="testCases.TC002_userLogin">
        <test-method is-config="true" signature="setup(java.lang.String,java.lang.String)[pri:0, instance:testCases.TC002_userLogin@436813f3]" started-at="2026-04-28T02:30:49 IST" name="setup" finished-at="2026-04-28T02:30:54 IST" duration-ms="5602" status="PASS">
          <params>
            <param index="0">
              <value>
                <![CDATA[windows]]>
              </value>
            </param>
            <param index="1">
              <value>
                <![CDATA[Chrome]]>
              </value>
            </param>
          </params>
          <reporter-output>
          </reporter-output>
        </test-method> <!-- setup -->
        <test-method signature="login()[pri:0, instance:testCases.TC002_userLogin@436813f3]" started-at="2026-04-28T02:30:54 IST" name="login" finished-at="2026-04-28T02:30:56 IST" duration-ms="2305" status="PASS">
          <reporter-output>
          </reporter-output>
        </test-method> <!-- login -->
        <test-method is-config="true" signature="tearDown()[pri:0, instance:testCases.TC002_userLogin@436813f3]" started-at="2026-04-28T02:30:56 IST" name="tearDown" finished-at="2026-04-28T02:30:57 IST" duration-ms="336" status="PASS">
          <reporter-output>
          </reporter-output>
        </test-method> <!-- tearDown -->
      </class> <!-- testCases.TC002_userLogin -->
    </test> <!-- Test -->
  </suite> <!-- Suite -->
</testng-results>
